app/build/intermediates/manifest_merge_blame_file/debug/processDebugMainManifest/manifest-merger-blame-debug-report.txt
1<?xml version="1.0" encoding="utf-8"?>
2<manifest xmlns:android="http://schemas.android.com/apk/res/android"
3    package="com.example.gymapp"
4    android:versionCode="1"
5    android:versionName="1.0" >
6
7    <uses-sdk
8        android:minSdkVersion="28"
9        android:targetSdkVersion="33" />
10
11    <uses-permission android:name="android.permission.INTERNET" />
11-->src\main\AndroidManifest.xml:5:5-67
11-->src\main\AndroidManifest.xml:5:22-64
12
13    <queries>
13-->[com.android.car.ui:car-ui-lib:2.6.0] AndroidManifest.xml:23:5-34:15
14
15        <!-- Required for querying the IME service at runtime -->
16        <intent>
16-->[com.android.car.ui:car-ui-lib:2.6.0] AndroidManifest.xml:26:9-28:18
17            <action android:name="android.view.InputMethod" />
17-->[com.android.car.ui:car-ui-lib:2.6.0] AndroidManifest.xml:27:13-63
17-->[com.android.car.ui:car-ui-lib:2.6.0] AndroidManifest.xml:27:21-60
18        </intent>
19        <!-- Required for querying the plugin at runtime -->
20        <provider
20-->[com.android.car.ui:car-ui-lib:2.6.0] AndroidManifest.xml:30:9-33:67
21            android:name="com.android.car.ui.plugin.PluginNameProvider"
21-->[com.android.car.ui:car-ui-lib:2.6.0] AndroidManifest.xml:31:13-72
22            android:authorities="com.android.car.ui.plugin" />
22-->[com.android.car.ui:car-ui-lib:2.6.0] AndroidManifest.xml:32:13-60
23    </queries>
24
25    <uses-permission android:name="android.permission.ACCESS_NETWORK_STATE" />
25-->[com.google.firebase:firebase-auth:22.3.1] AndroidManifest.xml:26:5-79
25-->[com.google.firebase:firebase-auth:22.3.1] AndroidManifest.xml:26:22-76
26    <uses-permission android:name="com.google.android.providers.gsf.permission.READ_GSERVICES" />
26-->[com.google.android.recaptcha:recaptcha:18.4.0] AndroidManifest.xml:9:5-98
26-->[com.google.android.recaptcha:recaptcha:18.4.0] AndroidManifest.xml:9:22-95
27
28    <application
28-->src\main\AndroidManifest.xml:7:5-74:19
29        android:allowBackup="true"
29-->src\main\AndroidManifest.xml:8:9-35
30        android:appComponentFactory="androidx.core.app.CoreComponentFactory"
30-->[androidx.core:core:1.8.0] AndroidManifest.xml:24:18-86
31        android:dataExtractionRules="@xml/data_extraction_rules"
31-->src\main\AndroidManifest.xml:9:9-65
32        android:debuggable="true"
33        android:extractNativeLibs="false"
34        android:fullBackupContent="@xml/backup_rules"
34-->src\main\AndroidManifest.xml:10:9-54
35        android:icon="@mipmap/ic_launcher"
35-->src\main\AndroidManifest.xml:11:9-43
36        android:label="CalesTectSync"
36-->src\main\AndroidManifest.xml:12:9-38
37        android:supportsRtl="true"
37-->src\main\AndroidManifest.xml:13:9-35
38        android:testOnly="true"
39        android:theme="@style/Theme.Gymapp"
39-->src\main\AndroidManifest.xml:14:9-44
40        android:usesCleartextTraffic="true" >
40-->src\main\AndroidManifest.xml:15:9-44
41        <activity
41-->src\main\AndroidManifest.xml:17:9-19:40
42            android:name="com.example.gymapp.level"
42-->src\main\AndroidManifest.xml:18:13-34
43            android:exported="false" />
43-->src\main\AndroidManifest.xml:19:13-37
44        <activity
44-->src\main\AndroidManifest.xml:20:9-22:40
45            android:name="com.example.gymapp.exfocus_list"
45-->src\main\AndroidManifest.xml:21:13-41
46            android:exported="false" />
46-->src\main\AndroidManifest.xml:22:13-37
47        <activity
47-->src\main\AndroidManifest.xml:23:9-25:40
48            android:name="com.example.gymapp.exercise_details"
48-->src\main\AndroidManifest.xml:24:13-45
49            android:exported="false" />
49-->src\main\AndroidManifest.xml:25:13-37
50        <activity
50-->src\main\AndroidManifest.xml:26:9-28:40
51            android:name="com.example.gymapp.exercise_list"
51-->src\main\AndroidManifest.xml:27:13-42
52            android:exported="false" />
52-->src\main\AndroidManifest.xml:28:13-37
53        <activity
53-->src\main\AndroidManifest.xml:29:9-31:40
54            android:name="com.example.gymapp.forgotpass"
54-->src\main\AndroidManifest.xml:30:13-39
55            android:exported="false" />
55-->src\main\AndroidManifest.xml:31:13-37
56        <activity
56-->src\main\AndroidManifest.xml:32:9-34:40
57            android:name="com.example.gymapp.setting"
57-->src\main\AndroidManifest.xml:33:13-36
58            android:exported="false" />
58-->src\main\AndroidManifest.xml:34:13-37
59        <activity
59-->src\main\AndroidManifest.xml:35:9-37:40
60            android:name="com.example.gymapp.tracking"
60-->src\main\AndroidManifest.xml:36:13-37
61            android:exported="false" />
61-->src\main\AndroidManifest.xml:37:13-37
62        <activity
62-->src\main\AndroidManifest.xml:38:9-40:40
63            android:name="com.example.gymapp.profile"
63-->src\main\AndroidManifest.xml:39:13-36
64            android:exported="false" />
64-->src\main\AndroidManifest.xml:40:13-37
65        <activity
65-->src\main\AndroidManifest.xml:41:9-43:40
66            android:name="com.example.gymapp.homepage"
66-->src\main\AndroidManifest.xml:42:13-37
67            android:exported="false" />
67-->src\main\AndroidManifest.xml:43:13-37
68        <activity
68-->src\main\AndroidManifest.xml:44:9-46:40
69            android:name="com.example.gymapp.focus"
69-->src\main\AndroidManifest.xml:45:13-34
70            android:exported="false" />
70-->src\main\AndroidManifest.xml:46:13-37
71        <activity
71-->src\main\AndroidManifest.xml:47:9-49:40
72            android:name="com.example.gymapp.goals"
72-->src\main\AndroidManifest.xml:48:13-34
73            android:exported="false" />
73-->src\main\AndroidManifest.xml:49:13-37
74        <activity
74-->src\main\AndroidManifest.xml:50:9-52:40
75            android:name="com.example.gymapp.gender"
75-->src\main\AndroidManifest.xml:51:13-35
76            android:exported="false" />
76-->src\main\AndroidManifest.xml:52:13-37
77        <activity
77-->src\main\AndroidManifest.xml:53:9-55:40
78            android:name="com.example.gymapp.weight"
78-->src\main\AndroidManifest.xml:54:13-35
79            android:exported="false" />
79-->src\main\AndroidManifest.xml:55:13-37
80        <activity
80-->src\main\AndroidManifest.xml:56:9-58:40
81            android:name="com.example.gymapp.weekly_goal"
81-->src\main\AndroidManifest.xml:57:13-40
82            android:exported="false" />
82-->src\main\AndroidManifest.xml:58:13-37
83        <activity
83-->src\main\AndroidManifest.xml:59:9-61:40
84            android:name="com.example.gymapp.signups"
84-->src\main\AndroidManifest.xml:60:13-36
85            android:exported="false" />
85-->src\main\AndroidManifest.xml:61:13-37
86        <activity
86-->src\main\AndroidManifest.xml:62:9-64:40
87            android:name="com.example.gymapp.MainActivity"
87-->src\main\AndroidManifest.xml:63:13-41
88            android:exported="false" />
88-->src\main\AndroidManifest.xml:64:13-37
89        <activity
89-->src\main\AndroidManifest.xml:65:9-73:20
90            android:name="com.example.gymapp.startup"
90-->src\main\AndroidManifest.xml:66:13-36
91            android:exported="true" >
91-->src\main\AndroidManifest.xml:67:13-36
92            <intent-filter>
92-->src\main\AndroidManifest.xml:68:13-72:29
93                <action android:name="android.intent.action.MAIN" />
93-->src\main\AndroidManifest.xml:69:17-69
93-->src\main\AndroidManifest.xml:69:25-66
94
95                <category android:name="android.intent.category.LAUNCHER" />
95-->src\main\AndroidManifest.xml:71:17-77
95-->src\main\AndroidManifest.xml:71:27-74
96            </intent-filter>
97        </activity>
98
99        <provider
99-->[com.android.car.ui:car-ui-lib:2.6.0] AndroidManifest.xml:37:9-42:71
100            android:name="com.android.car.ui.core.CarUiInstaller"
100-->[com.android.car.ui:car-ui-lib:2.6.0] AndroidManifest.xml:38:13-66
101            android:authorities="com.example.gymapp.CarUiInstaller"
101-->[com.android.car.ui:car-ui-lib:2.6.0] AndroidManifest.xml:39:13-66
102            android:directBootAware="true"
102-->[com.android.car.ui:car-ui-lib:2.6.0] AndroidManifest.xml:40:13-43
103            android:exported="false"
103-->[com.android.car.ui:car-ui-lib:2.6.0] AndroidManifest.xml:41:13-37
104            android:process="@string/car_ui_installer_process_name" />
104-->[com.android.car.ui:car-ui-lib:2.6.0] AndroidManifest.xml:42:13-68
105        <provider
105-->[com.android.car.ui:car-ui-lib:2.6.0] AndroidManifest.xml:43:9-48:79
106            android:name="com.android.car.ui.core.SearchResultsProvider"
106-->[com.android.car.ui:car-ui-lib:2.6.0] AndroidManifest.xml:44:13-73
107            android:authorities="com.example.gymapp.SearchResultsProvider"
107-->[com.android.car.ui:car-ui-lib:2.6.0] AndroidManifest.xml:45:13-73
108            android:exported="true"
108-->[com.android.car.ui:car-ui-lib:2.6.0] AndroidManifest.xml:46:13-36
109            android:process="@string/car_ui_installer_process_name"
109-->[com.android.car.ui:car-ui-lib:2.6.0] AndroidManifest.xml:47:13-68
110            android:readPermission="com.android.car.ui.READ_SEARCH_RESULTS" />
110-->[com.android.car.ui:car-ui-lib:2.6.0] AndroidManifest.xml:48:13-76
111        <provider
111-->[com.squareup.picasso:picasso:2.71828] AndroidManifest.xml:8:9-11:40
112            android:name="com.squareup.picasso.PicassoProvider"
112-->[com.squareup.picasso:picasso:2.71828] AndroidManifest.xml:9:13-64
113            android:authorities="com.example.gymapp.com.squareup.picasso"
113-->[com.squareup.picasso:picasso:2.71828] AndroidManifest.xml:10:13-72
114            android:exported="false" />
114-->[com.squareup.picasso:picasso:2.71828] AndroidManifest.xml:11:13-37
115
116        <activity
116-->[com.google.firebase:firebase-auth:22.3.1] AndroidManifest.xml:29:9-46:20
117            android:name="com.google.firebase.auth.internal.GenericIdpActivity"
117-->[com.google.firebase:firebase-auth:22.3.1] AndroidManifest.xml:30:13-80
118            android:excludeFromRecents="true"
118-->[com.google.firebase:firebase-auth:22.3.1] AndroidManifest.xml:31:13-46
119            android:exported="true"
119-->[com.google.firebase:firebase-auth:22.3.1] AndroidManifest.xml:32:13-36
120            android:launchMode="singleTask"
120-->[com.google.firebase:firebase-auth:22.3.1] AndroidManifest.xml:33:13-44
121            android:theme="@android:style/Theme.Translucent.NoTitleBar" >
121-->[com.google.firebase:firebase-auth:22.3.1] AndroidManifest.xml:34:13-72
122            <intent-filter>
122-->[com.google.firebase:firebase-auth:22.3.1] AndroidManifest.xml:35:13-45:29
123                <action android:name="android.intent.action.VIEW" />
123-->[com.google.firebase:firebase-auth:22.3.1] AndroidManifest.xml:36:17-69
123-->[com.google.firebase:firebase-auth:22.3.1] AndroidManifest.xml:36:25-66
124
125                <category android:name="android.intent.category.DEFAULT" />
125-->[com.google.firebase:firebase-auth:22.3.1] AndroidManifest.xml:38:17-76
125-->[com.google.firebase:firebase-auth:22.3.1] AndroidManifest.xml:38:27-73
126                <category android:name="android.intent.category.BROWSABLE" />
126-->[com.google.firebase:firebase-auth:22.3.1] AndroidManifest.xml:39:17-78
126-->[com.google.firebase:firebase-auth:22.3.1] AndroidManifest.xml:39:27-75
127
128                <data
128-->[com.google.firebase:firebase-auth:22.3.1] AndroidManifest.xml:41:17-44:51
129                    android:host="firebase.auth"
129-->[com.google.firebase:firebase-auth:22.3.1] AndroidManifest.xml:42:21-49
130                    android:path="/"
130-->[com.google.firebase:firebase-auth:22.3.1] AndroidManifest.xml:43:21-37
131                    android:scheme="genericidp" />
131-->[com.google.firebase:firebase-auth:22.3.1] AndroidManifest.xml:44:21-48
132            </intent-filter>
133        </activity>
134        <activity
134-->[com.google.firebase:firebase-auth:22.3.1] AndroidManifest.xml:47:9-64:20
135            android:name="com.google.firebase.auth.internal.RecaptchaActivity"
135-->[com.google.firebase:firebase-auth:22.3.1] AndroidManifest.xml:48:13-79
136            android:excludeFromRecents="true"
136-->[com.google.firebase:firebase-auth:22.3.1] AndroidManifest.xml:49:13-46
137            android:exported="true"
137-->[com.google.firebase:firebase-auth:22.3.1] AndroidManifest.xml:50:13-36
138            android:launchMode="singleTask"
138-->[com.google.firebase:firebase-auth:22.3.1] AndroidManifest.xml:51:13-44
139            android:theme="@android:style/Theme.Translucent.NoTitleBar" >
139-->[com.google.firebase:firebase-auth:22.3.1] AndroidManifest.xml:52:13-72
140            <intent-filter>
140-->[com.google.firebase:firebase-auth:22.3.1] AndroidManifest.xml:53:13-63:29
141                <action android:name="android.intent.action.VIEW" />
141-->[com.google.firebase:firebase-auth:22.3.1] AndroidManifest.xml:36:17-69
141-->[com.google.firebase:firebase-auth:22.3.1] AndroidManifest.xml:36:25-66
142
143                <category android:name="android.intent.category.DEFAULT" />
143-->[com.google.firebase:firebase-auth:22.3.1] AndroidManifest.xml:38:17-76
143-->[com.google.firebase:firebase-auth:22.3.1] AndroidManifest.xml:38:27-73
144                <category android:name="android.intent.category.BROWSABLE" />
144-->[com.google.firebase:firebase-auth:22.3.1] AndroidManifest.xml:39:17-78
144-->[com.google.firebase:firebase-auth:22.3.1] AndroidManifest.xml:39:27-75
145
146                <data
146-->[com.google.firebase:firebase-auth:22.3.1] AndroidManifest.xml:41:17-44:51
147                    android:host="firebase.auth"
147-->[com.google.firebase:firebase-auth:22.3.1] AndroidManifest.xml:42:21-49
148                    android:path="/"
148-->[com.google.firebase:firebase-auth:22.3.1] AndroidManifest.xml:43:21-37
149                    android:scheme="recaptcha" />
149-->[com.google.firebase:firebase-auth:22.3.1] AndroidManifest.xml:44:21-48
150            </intent-filter>
151        </activity>
152
153        <service
153-->[com.google.firebase:firebase-auth:22.3.1] AndroidManifest.xml:66:9-72:19
154            android:name="com.google.firebase.components.ComponentDiscoveryService"
154-->[com.google.firebase:firebase-auth:22.3.1] AndroidManifest.xml:67:13-84
155            android:directBootAware="true"
155-->[com.google.firebase:firebase-common:20.4.2] AndroidManifest.xml:32:13-43
156            android:exported="false" >
156-->[com.google.firebase:firebase-auth:22.3.1] AndroidManifest.xml:68:13-37
157            <meta-data
157-->[com.google.firebase:firebase-auth:22.3.1] AndroidManifest.xml:69:13-71:85
158                android:name="com.google.firebase.components:com.google.firebase.auth.FirebaseAuthRegistrar"
158-->[com.google.firebase:firebase-auth:22.3.1] AndroidManifest.xml:70:17-109
159                android:value="com.google.firebase.components.ComponentRegistrar" />
159-->[com.google.firebase:firebase-auth:22.3.1] AndroidManifest.xml:71:17-82
160            <meta-data
160-->[com.google.firebase:firebase-database:20.3.1] AndroidManifest.xml:29:13-31:85
161                android:name="com.google.firebase.components:com.google.firebase.database.FirebaseDatabaseKtxRegistrar"
161-->[com.google.firebase:firebase-database:20.3.1] AndroidManifest.xml:30:17-120
162                android:value="com.google.firebase.components.ComponentRegistrar" />
162-->[com.google.firebase:firebase-database:20.3.1] AndroidManifest.xml:31:17-82
163            <meta-data
163-->[com.google.firebase:firebase-database:20.3.1] AndroidManifest.xml:32:13-34:85
164                android:name="com.google.firebase.components:com.google.firebase.database.DatabaseRegistrar"
164-->[com.google.firebase:firebase-database:20.3.1] AndroidManifest.xml:33:17-109
165                android:value="com.google.firebase.components.ComponentRegistrar" />
165-->[com.google.firebase:firebase-database:20.3.1] AndroidManifest.xml:34:17-82
166            <meta-data
166-->[com.google.firebase:firebase-common-ktx:20.4.2] AndroidManifest.xml:12:13-14:85
167                android:name="com.google.firebase.components:com.google.firebase.ktx.FirebaseCommonLegacyRegistrar"
167-->[com.google.firebase:firebase-common-ktx:20.4.2] AndroidManifest.xml:13:17-116
168                android:value="com.google.firebase.components.ComponentRegistrar" />
168-->[com.google.firebase:firebase-common-ktx:20.4.2] AndroidManifest.xml:14:17-82
169            <meta-data
169-->[com.google.firebase:firebase-common:20.4.2] AndroidManifest.xml:35:13-37:85
170                android:name="com.google.firebase.components:com.google.firebase.FirebaseCommonKtxRegistrar"
170-->[com.google.firebase:firebase-common:20.4.2] AndroidManifest.xml:36:17-109
171                android:value="com.google.firebase.components.ComponentRegistrar" />
171-->[com.google.firebase:firebase-common:20.4.2] AndroidManifest.xml:37:17-82
172        </service>
173
174        <provider
174-->[com.google.firebase:firebase-common:20.4.2] AndroidManifest.xml:23:9-28:39
175            android:name="com.google.firebase.provider.FirebaseInitProvider"
175-->[com.google.firebase:firebase-common:20.4.2] AndroidManifest.xml:24:13-77
176            android:authorities="com.example.gymapp.firebaseinitprovider"
176-->[com.google.firebase:firebase-common:20.4.2] AndroidManifest.xml:25:13-72
177            android:directBootAware="true"
177-->[com.google.firebase:firebase-common:20.4.2] AndroidManifest.xml:26:13-43
178            android:exported="false"
178-->[com.google.firebase:firebase-common:20.4.2] AndroidManifest.xml:27:13-37
179            android:initOrder="100" />
179-->[com.google.firebase:firebase-common:20.4.2] AndroidManifest.xml:28:13-36
180
181        <activity
181-->[com.google.android.gms:play-services-base:18.1.0] AndroidManifest.xml:20:9-22:45
182            android:name="com.google.android.gms.common.api.GoogleApiActivity"
182-->[com.google.android.gms:play-services-base:18.1.0] AndroidManifest.xml:20:19-85
183            android:exported="false"
183-->[com.google.android.gms:play-services-base:18.1.0] AndroidManifest.xml:22:19-43
184            android:theme="@android:style/Theme.Translucent.NoTitleBar" />
184-->[com.google.android.gms:play-services-base:18.1.0] AndroidManifest.xml:21:19-78
185
186        <provider
186-->[androidx.emoji2:emoji2:1.0.0] AndroidManifest.xml:26:9-34:20
187            android:name="androidx.startup.InitializationProvider"
187-->[androidx.emoji2:emoji2:1.0.0] AndroidManifest.xml:27:13-67
188            android:authorities="com.example.gymapp.androidx-startup"
188-->[androidx.emoji2:emoji2:1.0.0] AndroidManifest.xml:28:13-68
189            android:exported="false" >
189-->[androidx.emoji2:emoji2:1.0.0] AndroidManifest.xml:29:13-37
190            <meta-data
190-->[androidx.emoji2:emoji2:1.0.0] AndroidManifest.xml:31:13-33:52
191                android:name="androidx.emoji2.text.EmojiCompatInitializer"
191-->[androidx.emoji2:emoji2:1.0.0] AndroidManifest.xml:32:17-75
192                android:value="androidx.startup" />
192-->[androidx.emoji2:emoji2:1.0.0] AndroidManifest.xml:33:17-49
193            <meta-data
193-->[androidx.lifecycle:lifecycle-process:2.6.1] AndroidManifest.xml:29:13-31:52
194                android:name="androidx.lifecycle.ProcessLifecycleInitializer"
194-->[androidx.lifecycle:lifecycle-process:2.6.1] AndroidManifest.xml:30:17-78
195                android:value="androidx.startup" />
195-->[androidx.lifecycle:lifecycle-process:2.6.1] AndroidManifest.xml:31:17-49
196            <meta-data
196-->[androidx.profileinstaller:profileinstaller:1.3.0] AndroidManifest.xml:29:13-31:52
197                android:name="androidx.profileinstaller.ProfileInstallerInitializer"
197-->[androidx.profileinstaller:profileinstaller:1.3.0] AndroidManifest.xml:30:17-85
198                android:value="androidx.startup" />
198-->[androidx.profileinstaller:profileinstaller:1.3.0] AndroidManifest.xml:31:17-49
199        </provider>
200
201        <meta-data
201-->[com.google.android.gms:play-services-basement:18.3.0] AndroidManifest.xml:21:9-23:69
202            android:name="com.google.android.gms.version"
202-->[com.google.android.gms:play-services-basement:18.3.0] AndroidManifest.xml:22:13-58
203            android:value="@integer/google_play_services_version" />
203-->[com.google.android.gms:play-services-basement:18.3.0] AndroidManifest.xml:23:13-66
204
205        <receiver
205-->[androidx.profileinstaller:profileinstaller:1.3.0] AndroidManifest.xml:34:9-52:20
206            android:name="androidx.profileinstaller.ProfileInstallReceiver"
206-->[androidx.profileinstaller:profileinstaller:1.3.0] AndroidManifest.xml:35:13-76
207            android:directBootAware="false"
207-->[androidx.profileinstaller:profileinstaller:1.3.0] AndroidManifest.xml:36:13-44
208            android:enabled="true"
208-->[androidx.profileinstaller:profileinstaller:1.3.0] AndroidManifest.xml:37:13-35
209            android:exported="true"
209-->[androidx.profileinstaller:profileinstaller:1.3.0] AndroidManifest.xml:38:13-36
210            android:permission="android.permission.DUMP" >
210-->[androidx.profileinstaller:profileinstaller:1.3.0] AndroidManifest.xml:39:13-57
211            <intent-filter>
211-->[androidx.profileinstaller:profileinstaller:1.3.0] AndroidManifest.xml:40:13-42:29
212                <action android:name="androidx.profileinstaller.action.INSTALL_PROFILE" />
212-->[androidx.profileinstaller:profileinstaller:1.3.0] AndroidManifest.xml:41:17-91
212-->[androidx.profileinstaller:profileinstaller:1.3.0] AndroidManifest.xml:41:25-88
213            </intent-filter>
214            <intent-filter>
214-->[androidx.profileinstaller:profileinstaller:1.3.0] AndroidManifest.xml:43:13-45:29
215                <action android:name="androidx.profileinstaller.action.SKIP_FILE" />
215-->[androidx.profileinstaller:profileinstaller:1.3.0] AndroidManifest.xml:44:17-85
215-->[androidx.profileinstaller:profileinstaller:1.3.0] AndroidManifest.xml:44:25-82
216            </intent-filter>
217            <intent-filter>
217-->[androidx.profileinstaller:profileinstaller:1.3.0] AndroidManifest.xml:46:13-48:29
218                <action android:name="androidx.profileinstaller.action.SAVE_PROFILE" />
218-->[androidx.profileinstaller:profileinstaller:1.3.0] AndroidManifest.xml:47:17-88
218-->[androidx.profileinstaller:profileinstaller:1.3.0] AndroidManifest.xml:47:25-85
219            </intent-filter>
220            <intent-filter>
220-->[androidx.profileinstaller:profileinstaller:1.3.0] AndroidManifest.xml:49:13-51:29
221                <action android:name="androidx.profileinstaller.action.BENCHMARK_OPERATION" />
221-->[androidx.profileinstaller:profileinstaller:1.3.0] AndroidManifest.xml:50:17-95
221-->[androidx.profileinstaller:profileinstaller:1.3.0] AndroidManifest.xml:50:25-92
222            </intent-filter>
223        </receiver>
224    </application>
225
226</manifest>